{"/Users/danieltomlinson/workspace/neoland-bootcamp-202207/staff/daniel-tomlinson/final-project/api/logic/gameCodes/createGameCode/index.js": {"path":"/Users/danieltomlinson/workspace/neoland-bootcamp-202207/staff/daniel-tomlinson/final-project/api/logic/gameCodes/createGameCode/index.js","statementMap":{"0":{"start":{"line":1,"column":27},"end":{"line":1,"column":53}},"1":{"start":{"line":2,"column":39},"end":{"line":2,"column":56}},"2":{"start":{"line":3,"column":27},"end":{"line":3,"column":48}},"3":{"start":{"line":4,"column":27},"end":{"line":4,"column":52}},"4":{"start":{"line":22,"column":2},"end":{"line":22,"column":36}},"5":{"start":{"line":23,"column":2},"end":{"line":23,"column":45}},"6":{"start":{"line":24,"column":2},"end":{"line":24,"column":29}},"7":{"start":{"line":25,"column":2},"end":{"line":25,"column":31}},"8":{"start":{"line":27,"column":2},"end":{"line":41,"column":28}},"9":{"start":{"line":30,"column":6},"end":{"line":30,"column":43}},"10":{"start":{"line":33,"column":6},"end":{"line":33,"column":77}},"11":{"start":{"line":33,"column":17},"end":{"line":33,"column":77}},"12":{"start":{"line":35,"column":6},"end":{"line":39,"column":8}},"13":{"start":{"line":37,"column":10},"end":{"line":37,"column":47}},"14":{"start":{"line":44,"column":0},"end":{"line":44,"column":32}}},"fnMap":{"0":{"name":"createGameCode","decl":{"start":{"line":21,"column":9},"end":{"line":21,"column":23}},"loc":{"start":{"line":21,"column":56},"end":{"line":42,"column":1}},"line":21},"1":{"name":"(anonymous_1)","decl":{"start":{"line":29,"column":11},"end":{"line":29,"column":12}},"loc":{"start":{"line":29,"column":22},"end":{"line":31,"column":5}},"line":29},"2":{"name":"(anonymous_2)","decl":{"start":{"line":32,"column":10},"end":{"line":32,"column":11}},"loc":{"start":{"line":32,"column":20},"end":{"line":40,"column":5}},"line":32},"3":{"name":"(anonymous_3)","decl":{"start":{"line":36,"column":8},"end":{"line":36,"column":9}},"loc":{"start":{"line":36,"column":19},"end":{"line":38,"column":9}},"line":36},"4":{"name":"(anonymous_4)","decl":{"start":{"line":41,"column":10},"end":{"line":41,"column":11}},"loc":{"start":{"line":41,"column":24},"end":{"line":41,"column":26}},"line":41}},"branchMap":{"0":{"loc":{"start":{"line":33,"column":6},"end":{"line":33,"column":77}},"type":"if","locations":[{"start":{"line":33,"column":6},"end":{"line":33,"column":77}},{"start":{},"end":{}}],"line":33}},"s":{"0":1,"1":1,"2":1,"3":1,"4":2,"5":2,"6":2,"7":2,"8":2,"9":0,"10":2,"11":1,"12":1,"13":0,"14":1},"f":{"0":2,"1":0,"2":2,"3":0,"4":1},"b":{"0":[1,1]},"_coverageSchema":"1a1c01bbd47fc00a2c39e90264f33305004495a9","hash":"2e8b41ddd6f183b4ff60bfec9e20f7cffd0f24b6"}
,"/Users/danieltomlinson/workspace/neoland-bootcamp-202207/staff/daniel-tomlinson/final-project/api/logic/gameCodes/retrieveGameCode/index.js": {"path":"/Users/danieltomlinson/workspace/neoland-bootcamp-202207/staff/daniel-tomlinson/final-project/api/logic/gameCodes/retrieveGameCode/index.js","statementMap":{"0":{"start":{"line":1,"column":27},"end":{"line":1,"column":53}},"1":{"start":{"line":2,"column":55},"end":{"line":2,"column":72}},"2":{"start":{"line":3,"column":27},"end":{"line":3,"column":48}},"3":{"start":{"line":19,"column":2},"end":{"line":26,"column":7}},"4":{"start":{"line":21,"column":6},"end":{"line":21,"column":43}},"5":{"start":{"line":23,"column":25},"end":{"line":23,"column":34}},"6":{"start":{"line":25,"column":6},"end":{"line":25,"column":73}},"7":{"start":{"line":38,"column":0},"end":{"line":38,"column":34}}},"fnMap":{"0":{"name":"retrieveGameCode","decl":{"start":{"line":5,"column":9},"end":{"line":5,"column":25}},"loc":{"start":{"line":5,"column":31},"end":{"line":30,"column":1}},"line":5},"1":{"name":"(anonymous_1)","decl":{"start":{"line":20,"column":11},"end":{"line":20,"column":12}},"loc":{"start":{"line":20,"column":22},"end":{"line":22,"column":5}},"line":20},"2":{"name":"(anonymous_2)","decl":{"start":{"line":23,"column":10},"end":{"line":23,"column":11}},"loc":{"start":{"line":23,"column":25},"end":{"line":23,"column":34}},"line":23},"3":{"name":"(anonymous_3)","decl":{"start":{"line":24,"column":11},"end":{"line":24,"column":12}},"loc":{"start":{"line":24,"column":22},"end":{"line":26,"column":5}},"line":24}},"branchMap":{},"s":{"0":1,"1":1,"2":1,"3":1,"4":1,"5":0,"6":1,"7":1},"f":{"0":1,"1":1,"2":0,"3":1},"b":{},"_coverageSchema":"1a1c01bbd47fc00a2c39e90264f33305004495a9","hash":"6875b709935ec9a5a2d42917ac70147aec21c933"}
,"/Users/danieltomlinson/workspace/neoland-bootcamp-202207/staff/daniel-tomlinson/final-project/api/logic/questions/createQuestion/index.js": {"path":"/Users/danieltomlinson/workspace/neoland-bootcamp-202207/staff/daniel-tomlinson/final-project/api/logic/questions/createQuestion/index.js","statementMap":{"0":{"start":{"line":1,"column":27},"end":{"line":1,"column":53}},"1":{"start":{"line":2,"column":39},"end":{"line":2,"column":56}},"2":{"start":{"line":3,"column":27},"end":{"line":3,"column":48}},"3":{"start":{"line":4,"column":27},"end":{"line":4,"column":52}},"4":{"start":{"line":35,"column":2},"end":{"line":35,"column":36}},"5":{"start":{"line":36,"column":2},"end":{"line":36,"column":39}},"6":{"start":{"line":38,"column":2},"end":{"line":60,"column":28}},"7":{"start":{"line":41,"column":6},"end":{"line":41,"column":43}},"8":{"start":{"line":44,"column":6},"end":{"line":44,"column":77}},"9":{"start":{"line":44,"column":17},"end":{"line":44,"column":77}},"10":{"start":{"line":45,"column":6},"end":{"line":58,"column":9}},"11":{"start":{"line":57,"column":8},"end":{"line":57,"column":45}},"12":{"start":{"line":63,"column":0},"end":{"line":63,"column":32}}},"fnMap":{"0":{"name":"createQuestion","decl":{"start":{"line":21,"column":9},"end":{"line":21,"column":23}},"loc":{"start":{"line":32,"column":2},"end":{"line":61,"column":1}},"line":32},"1":{"name":"(anonymous_1)","decl":{"start":{"line":40,"column":11},"end":{"line":40,"column":12}},"loc":{"start":{"line":40,"column":22},"end":{"line":42,"column":5}},"line":40},"2":{"name":"(anonymous_2)","decl":{"start":{"line":43,"column":10},"end":{"line":43,"column":11}},"loc":{"start":{"line":43,"column":20},"end":{"line":59,"column":5}},"line":43},"3":{"name":"(anonymous_3)","decl":{"start":{"line":56,"column":15},"end":{"line":56,"column":16}},"loc":{"start":{"line":56,"column":26},"end":{"line":58,"column":7}},"line":56},"4":{"name":"(anonymous_4)","decl":{"start":{"line":60,"column":10},"end":{"line":60,"column":11}},"loc":{"start":{"line":60,"column":24},"end":{"line":60,"column":26}},"line":60}},"branchMap":{"0":{"loc":{"start":{"line":44,"column":6},"end":{"line":44,"column":77}},"type":"if","locations":[{"start":{"line":44,"column":6},"end":{"line":44,"column":77}},{"start":{},"end":{}}],"line":44}},"s":{"0":1,"1":1,"2":1,"3":1,"4":2,"5":2,"6":2,"7":0,"8":2,"9":1,"10":1,"11":0,"12":1},"f":{"0":2,"1":0,"2":2,"3":0,"4":1},"b":{"0":[1,1]},"_coverageSchema":"1a1c01bbd47fc00a2c39e90264f33305004495a9","hash":"1bd375650e8fb4bde17191843512cf8972421002"}
,"/Users/danieltomlinson/workspace/neoland-bootcamp-202207/staff/daniel-tomlinson/final-project/api/logic/questions/retrieveQuestions/index.js": {"path":"/Users/danieltomlinson/workspace/neoland-bootcamp-202207/staff/daniel-tomlinson/final-project/api/logic/questions/retrieveQuestions/index.js","statementMap":{"0":{"start":{"line":1,"column":27},"end":{"line":1,"column":53}},"1":{"start":{"line":2,"column":55},"end":{"line":2,"column":72}},"2":{"start":{"line":3,"column":27},"end":{"line":3,"column":48}},"3":{"start":{"line":8,"column":2},"end":{"line":36,"column":7}},"4":{"start":{"line":11,"column":6},"end":{"line":11,"column":43}},"5":{"start":{"line":14,"column":6},"end":{"line":14,"column":77}},"6":{"start":{"line":14,"column":17},"end":{"line":14,"column":77}},"7":{"start":{"line":16,"column":6},"end":{"line":22,"column":11}},"8":{"start":{"line":19,"column":10},"end":{"line":21,"column":12}},"9":{"start":{"line":25,"column":6},"end":{"line":33,"column":9}},"10":{"start":{"line":28,"column":8},"end":{"line":28,"column":46}},"11":{"start":{"line":30,"column":8},"end":{"line":30,"column":28}},"12":{"start":{"line":32,"column":8},"end":{"line":32,"column":28}},"13":{"start":{"line":35,"column":6},"end":{"line":35,"column":23}},"14":{"start":{"line":39,"column":0},"end":{"line":39,"column":35}}},"fnMap":{"0":{"name":"retrieveQuestions","decl":{"start":{"line":5,"column":9},"end":{"line":5,"column":26}},"loc":{"start":{"line":5,"column":35},"end":{"line":37,"column":1}},"line":5},"1":{"name":"(anonymous_1)","decl":{"start":{"line":10,"column":11},"end":{"line":10,"column":12}},"loc":{"start":{"line":10,"column":22},"end":{"line":12,"column":5}},"line":10},"2":{"name":"(anonymous_2)","decl":{"start":{"line":13,"column":10},"end":{"line":13,"column":11}},"loc":{"start":{"line":13,"column":20},"end":{"line":23,"column":5}},"line":13},"3":{"name":"(anonymous_3)","decl":{"start":{"line":18,"column":15},"end":{"line":18,"column":16}},"loc":{"start":{"line":18,"column":26},"end":{"line":22,"column":9}},"line":18},"4":{"name":"(anonymous_4)","decl":{"start":{"line":24,"column":10},"end":{"line":24,"column":11}},"loc":{"start":{"line":24,"column":25},"end":{"line":36,"column":5}},"line":24},"5":{"name":"(anonymous_5)","decl":{"start":{"line":25,"column":24},"end":{"line":25,"column":25}},"loc":{"start":{"line":25,"column":38},"end":{"line":33,"column":7}},"line":25}},"branchMap":{"0":{"loc":{"start":{"line":14,"column":6},"end":{"line":14,"column":77}},"type":"if","locations":[{"start":{"line":14,"column":6},"end":{"line":14,"column":77}},{"start":{},"end":{}}],"line":14}},"s":{"0":1,"1":1,"2":1,"3":1,"4":0,"5":1,"6":0,"7":1,"8":0,"9":1,"10":3,"11":3,"12":3,"13":1,"14":1},"f":{"0":1,"1":0,"2":1,"3":0,"4":1,"5":3},"b":{"0":[0,1]},"_coverageSchema":"1a1c01bbd47fc00a2c39e90264f33305004495a9","hash":"3417c7447b25e5dbd099a9287a8e9fb726d15d1e"}
,"/Users/danieltomlinson/workspace/neoland-bootcamp-202207/staff/daniel-tomlinson/final-project/api/logic/questions/updateQuestionText/index.js": {"path":"/Users/danieltomlinson/workspace/neoland-bootcamp-202207/staff/daniel-tomlinson/final-project/api/logic/questions/updateQuestionText/index.js","statementMap":{"0":{"start":{"line":1,"column":37},"end":{"line":1,"column":54}},"1":{"start":{"line":2,"column":27},"end":{"line":2,"column":53}},"2":{"start":{"line":3,"column":33},"end":{"line":3,"column":58}},"3":{"start":{"line":4,"column":27},"end":{"line":4,"column":48}},"4":{"start":{"line":7,"column":2},"end":{"line":7,"column":31}},"5":{"start":{"line":8,"column":2},"end":{"line":8,"column":35}},"6":{"start":{"line":9,"column":2},"end":{"line":9,"column":23}},"7":{"start":{"line":11,"column":2},"end":{"line":31,"column":20}},"8":{"start":{"line":13,"column":6},"end":{"line":13,"column":77}},"9":{"start":{"line":13,"column":17},"end":{"line":13,"column":77}},"10":{"start":{"line":15,"column":6},"end":{"line":15,"column":43}},"11":{"start":{"line":18,"column":6},"end":{"line":19,"column":76}},"12":{"start":{"line":19,"column":8},"end":{"line":19,"column":76}},"13":{"start":{"line":21,"column":6},"end":{"line":24,"column":10}},"14":{"start":{"line":22,"column":8},"end":{"line":24,"column":10}},"15":{"start":{"line":26,"column":6},"end":{"line":26,"column":31}},"16":{"start":{"line":27,"column":6},"end":{"line":27,"column":39}},"17":{"start":{"line":29,"column":6},"end":{"line":29,"column":29}},"18":{"start":{"line":34,"column":0},"end":{"line":34,"column":36}}},"fnMap":{"0":{"name":"updateQuestionText","decl":{"start":{"line":6,"column":9},"end":{"line":6,"column":27}},"loc":{"start":{"line":6,"column":54},"end":{"line":32,"column":1}},"line":6},"1":{"name":"(anonymous_1)","decl":{"start":{"line":12,"column":10},"end":{"line":12,"column":11}},"loc":{"start":{"line":12,"column":20},"end":{"line":16,"column":5}},"line":12},"2":{"name":"(anonymous_2)","decl":{"start":{"line":17,"column":10},"end":{"line":17,"column":11}},"loc":{"start":{"line":17,"column":24},"end":{"line":30,"column":5}},"line":17},"3":{"name":"(anonymous_3)","decl":{"start":{"line":31,"column":10},"end":{"line":31,"column":11}},"loc":{"start":{"line":31,"column":16},"end":{"line":31,"column":18}},"line":31}},"branchMap":{"0":{"loc":{"start":{"line":13,"column":6},"end":{"line":13,"column":77}},"type":"if","locations":[{"start":{"line":13,"column":6},"end":{"line":13,"column":77}},{"start":{},"end":{}}],"line":13},"1":{"loc":{"start":{"line":18,"column":6},"end":{"line":19,"column":76}},"type":"if","locations":[{"start":{"line":18,"column":6},"end":{"line":19,"column":76}},{"start":{},"end":{}}],"line":18},"2":{"loc":{"start":{"line":21,"column":6},"end":{"line":24,"column":10}},"type":"if","locations":[{"start":{"line":21,"column":6},"end":{"line":24,"column":10}},{"start":{},"end":{}}],"line":21}},"s":{"0":1,"1":1,"2":1,"3":1,"4":1,"5":1,"6":1,"7":1,"8":0,"9":0,"10":0,"11":0,"12":0,"13":0,"14":0,"15":0,"16":0,"17":0,"18":1},"f":{"0":1,"1":0,"2":0,"3":0},"b":{"0":[0,0],"1":[0,0],"2":[0,0]},"_coverageSchema":"1a1c01bbd47fc00a2c39e90264f33305004495a9","hash":"2809d74353125249be018c3dbc8e356dd3876395"}
,"/Users/danieltomlinson/workspace/neoland-bootcamp-202207/staff/daniel-tomlinson/final-project/api/logic/users/authenticateUser/index.js": {"path":"/Users/danieltomlinson/workspace/neoland-bootcamp-202207/staff/daniel-tomlinson/final-project/api/logic/users/authenticateUser/index.js","statementMap":{"0":{"start":{"line":1,"column":17},"end":{"line":1,"column":43}},"1":{"start":{"line":2,"column":50},"end":{"line":2,"column":67}},"2":{"start":{"line":3,"column":44},"end":{"line":3,"column":65}},"3":{"start":{"line":6,"column":2},"end":{"line":6,"column":23}},"4":{"start":{"line":7,"column":2},"end":{"line":7,"column":29}},"5":{"start":{"line":9,"column":2},"end":{"line":19,"column":7}},"6":{"start":{"line":11,"column":6},"end":{"line":11,"column":43}},"7":{"start":{"line":14,"column":6},"end":{"line":14,"column":79}},"8":{"start":{"line":14,"column":17},"end":{"line":14,"column":79}},"9":{"start":{"line":16,"column":6},"end":{"line":16,"column":76}},"10":{"start":{"line":16,"column":38},"end":{"line":16,"column":76}},"11":{"start":{"line":18,"column":6},"end":{"line":18,"column":21}},"12":{"start":{"line":22,"column":0},"end":{"line":22,"column":34}}},"fnMap":{"0":{"name":"authenticateUser","decl":{"start":{"line":5,"column":9},"end":{"line":5,"column":25}},"loc":{"start":{"line":5,"column":43},"end":{"line":20,"column":1}},"line":5},"1":{"name":"(anonymous_1)","decl":{"start":{"line":10,"column":11},"end":{"line":10,"column":12}},"loc":{"start":{"line":10,"column":22},"end":{"line":12,"column":5}},"line":10},"2":{"name":"(anonymous_2)","decl":{"start":{"line":13,"column":10},"end":{"line":13,"column":11}},"loc":{"start":{"line":13,"column":20},"end":{"line":19,"column":5}},"line":13}},"branchMap":{"0":{"loc":{"start":{"line":14,"column":6},"end":{"line":14,"column":79}},"type":"if","locations":[{"start":{"line":14,"column":6},"end":{"line":14,"column":79}},{"start":{},"end":{}}],"line":14},"1":{"loc":{"start":{"line":16,"column":6},"end":{"line":16,"column":76}},"type":"if","locations":[{"start":{"line":16,"column":6},"end":{"line":16,"column":76}},{"start":{},"end":{}}],"line":16}},"s":{"0":1,"1":1,"2":1,"3":3,"4":3,"5":3,"6":0,"7":3,"8":1,"9":2,"10":1,"11":1,"12":1},"f":{"0":3,"1":0,"2":3},"b":{"0":[1,2],"1":[1,1]},"_coverageSchema":"1a1c01bbd47fc00a2c39e90264f33305004495a9","hash":"750258684eb0e792577b155434085394f1a07f4e"}
,"/Users/danieltomlinson/workspace/neoland-bootcamp-202207/staff/daniel-tomlinson/final-project/api/logic/users/registerUser/index.js": {"path":"/Users/danieltomlinson/workspace/neoland-bootcamp-202207/staff/daniel-tomlinson/final-project/api/logic/users/registerUser/index.js","statementMap":{"0":{"start":{"line":1,"column":17},"end":{"line":1,"column":43}},"1":{"start":{"line":2,"column":40},"end":{"line":2,"column":57}},"2":{"start":{"line":3,"column":58},"end":{"line":3,"column":79}},"3":{"start":{"line":6,"column":2},"end":{"line":6,"column":29}},"4":{"start":{"line":7,"column":2},"end":{"line":7,"column":23}},"5":{"start":{"line":8,"column":2},"end":{"line":8,"column":29}},"6":{"start":{"line":10,"column":2},"end":{"line":16,"column":7}},"7":{"start":{"line":13,"column":6},"end":{"line":13,"column":80}},"8":{"start":{"line":13,"column":32},"end":{"line":13,"column":80}},"9":{"start":{"line":15,"column":6},"end":{"line":15,"column":43}},"10":{"start":{"line":19,"column":0},"end":{"line":19,"column":30}}},"fnMap":{"0":{"name":"registerUser","decl":{"start":{"line":5,"column":9},"end":{"line":5,"column":21}},"loc":{"start":{"line":5,"column":45},"end":{"line":17,"column":1}},"line":5},"1":{"name":"(anonymous_1)","decl":{"start":{"line":11,"column":10},"end":{"line":11,"column":11}},"loc":{"start":{"line":11,"column":20},"end":{"line":11,"column":22}},"line":11},"2":{"name":"(anonymous_2)","decl":{"start":{"line":12,"column":11},"end":{"line":12,"column":12}},"loc":{"start":{"line":12,"column":22},"end":{"line":16,"column":5}},"line":12}},"branchMap":{"0":{"loc":{"start":{"line":13,"column":6},"end":{"line":13,"column":80}},"type":"if","locations":[{"start":{"line":13,"column":6},"end":{"line":13,"column":80}},{"start":{},"end":{}}],"line":13}},"s":{"0":1,"1":1,"2":1,"3":2,"4":2,"5":2,"6":2,"7":1,"8":1,"9":0,"10":1},"f":{"0":2,"1":1,"2":1},"b":{"0":[1,0]},"_coverageSchema":"1a1c01bbd47fc00a2c39e90264f33305004495a9","hash":"6dae8d31da2a179c94cadf661c515838052950e9"}
,"/Users/danieltomlinson/workspace/neoland-bootcamp-202207/staff/daniel-tomlinson/final-project/api/logic/users/retrieveUser/index.js": {"path":"/Users/danieltomlinson/workspace/neoland-bootcamp-202207/staff/daniel-tomlinson/final-project/api/logic/users/retrieveUser/index.js","statementMap":{"0":{"start":{"line":1,"column":17},"end":{"line":1,"column":43}},"1":{"start":{"line":2,"column":39},"end":{"line":2,"column":56}},"2":{"start":{"line":3,"column":27},"end":{"line":3,"column":52}},"3":{"start":{"line":6,"column":2},"end":{"line":6,"column":36}},"4":{"start":{"line":64,"column":2},"end":{"line":77,"column":7}},"5":{"start":{"line":67,"column":6},"end":{"line":67,"column":43}},"6":{"start":{"line":70,"column":6},"end":{"line":70,"column":77}},"7":{"start":{"line":70,"column":17},"end":{"line":70,"column":77}},"8":{"start":{"line":74,"column":6},"end":{"line":74,"column":22}},"9":{"start":{"line":76,"column":6},"end":{"line":76,"column":18}},"10":{"start":{"line":80,"column":0},"end":{"line":80,"column":30}}},"fnMap":{"0":{"name":"retrieveUser","decl":{"start":{"line":5,"column":9},"end":{"line":5,"column":21}},"loc":{"start":{"line":5,"column":30},"end":{"line":78,"column":1}},"line":5},"1":{"name":"(anonymous_1)","decl":{"start":{"line":66,"column":11},"end":{"line":66,"column":12}},"loc":{"start":{"line":66,"column":22},"end":{"line":68,"column":5}},"line":66},"2":{"name":"(anonymous_2)","decl":{"start":{"line":69,"column":10},"end":{"line":69,"column":11}},"loc":{"start":{"line":69,"column":20},"end":{"line":77,"column":5}},"line":69}},"branchMap":{"0":{"loc":{"start":{"line":70,"column":6},"end":{"line":70,"column":77}},"type":"if","locations":[{"start":{"line":70,"column":6},"end":{"line":70,"column":77}},{"start":{},"end":{}}],"line":70}},"s":{"0":1,"1":1,"2":1,"3":2,"4":2,"5":0,"6":2,"7":1,"8":1,"9":1,"10":1},"f":{"0":2,"1":0,"2":2},"b":{"0":[1,1]},"_coverageSchema":"1a1c01bbd47fc00a2c39e90264f33305004495a9","hash":"9dee63ee64f39002c3752879e6f6f6df5a54bd81"}
,"/Users/danieltomlinson/workspace/neoland-bootcamp-202207/staff/daniel-tomlinson/final-project/api/logic/users/updateFavorites/index.js": {"path":"/Users/danieltomlinson/workspace/neoland-bootcamp-202207/staff/daniel-tomlinson/final-project/api/logic/users/updateFavorites/index.js","statementMap":{"0":{"start":{"line":1,"column":17},"end":{"line":1,"column":43}},"1":{"start":{"line":4,"column":4},"end":{"line":4,"column":23}},"2":{"start":{"line":5,"column":35},"end":{"line":5,"column":52}},"3":{"start":{"line":6,"column":29},"end":{"line":6,"column":50}},"4":{"start":{"line":9,"column":2},"end":{"line":9,"column":11}},"5":{"start":{"line":10,"column":2},"end":{"line":10,"column":76}},"6":{"start":{"line":10,"column":33},"end":{"line":10,"column":76}},"7":{"start":{"line":19,"column":2},"end":{"line":40,"column":7}},"8":{"start":{"line":20,"column":22},"end":{"line":20,"column":49}},"9":{"start":{"line":27,"column":4},"end":{"line":28,"column":67}},"10":{"start":{"line":28,"column":6},"end":{"line":28,"column":67}},"11":{"start":{"line":30,"column":4},"end":{"line":35,"column":5}},"12":{"start":{"line":31,"column":27},"end":{"line":33,"column":7}},"13":{"start":{"line":32,"column":22},"end":{"line":32,"column":45}},"14":{"start":{"line":34,"column":6},"end":{"line":34,"column":41}},"15":{"start":{"line":37,"column":4},"end":{"line":37,"column":27}},"16":{"start":{"line":39,"column":4},"end":{"line":39,"column":11}},"17":{"start":{"line":43,"column":0},"end":{"line":43,"column":33}}},"fnMap":{"0":{"name":"updateFavorites","decl":{"start":{"line":8,"column":9},"end":{"line":8,"column":24}},"loc":{"start":{"line":8,"column":53},"end":{"line":41,"column":1}},"line":8},"1":{"name":"(anonymous_1)","decl":{"start":{"line":19,"column":10},"end":{"line":19,"column":11}},"loc":{"start":{"line":19,"column":22},"end":{"line":40,"column":3}},"line":19},"2":{"name":"(anonymous_2)","decl":{"start":{"line":32,"column":8},"end":{"line":32,"column":9}},"loc":{"start":{"line":32,"column":22},"end":{"line":32,"column":45}},"line":32}},"branchMap":{"0":{"loc":{"start":{"line":10,"column":2},"end":{"line":10,"column":76}},"type":"if","locations":[{"start":{"line":10,"column":2},"end":{"line":10,"column":76}},{"start":{},"end":{}}],"line":10},"1":{"loc":{"start":{"line":27,"column":4},"end":{"line":28,"column":67}},"type":"if","locations":[{"start":{"line":27,"column":4},"end":{"line":28,"column":67}},{"start":{},"end":{}}],"line":27},"2":{"loc":{"start":{"line":30,"column":4},"end":{"line":35,"column":5}},"type":"if","locations":[{"start":{"line":30,"column":4},"end":{"line":35,"column":5}},{"start":{},"end":{}}],"line":30}},"s":{"0":1,"1":1,"2":1,"3":1,"4":1,"5":1,"6":0,"7":1,"8":1,"9":0,"10":0,"11":0,"12":0,"13":0,"14":0,"15":0,"16":0,"17":1},"f":{"0":1,"1":1,"2":0},"b":{"0":[0,1],"1":[0,0],"2":[0,0]},"_coverageSchema":"1a1c01bbd47fc00a2c39e90264f33305004495a9","hash":"45238e2ddf390059a37c36925ccc95e494b46ae0"}
,"/Users/danieltomlinson/workspace/neoland-bootcamp-202207/staff/daniel-tomlinson/final-project/api/models/index.js": {"path":"/Users/danieltomlinson/workspace/neoland-bootcamp-202207/staff/daniel-tomlinson/final-project/api/models/index.js","statementMap":{"0":{"start":{"line":1,"column":18},"end":{"line":1,"column":37}},"1":{"start":{"line":2,"column":43},"end":{"line":2,"column":63}},"2":{"start":{"line":4,"column":0},"end":{"line":9,"column":2}}},"fnMap":{},"branchMap":{},"s":{"0":9,"1":9,"2":9},"f":{},"b":{},"_coverageSchema":"1a1c01bbd47fc00a2c39e90264f33305004495a9","hash":"3dfa18889768ff770209b31450db27f56ed42e06"}
,"/Users/danieltomlinson/workspace/neoland-bootcamp-202207/staff/daniel-tomlinson/final-project/api/models/schemas/gameCode.js": {"path":"/Users/danieltomlinson/workspace/neoland-bootcamp-202207/staff/daniel-tomlinson/final-project/api/models/schemas/gameCode.js","statementMap":{"0":{"start":{"line":4,"column":4},"end":{"line":4,"column":23}},"1":{"start":{"line":6,"column":17},"end":{"line":33,"column":2}},"2":{"start":{"line":35,"column":0},"end":{"line":35,"column":26}}},"fnMap":{},"branchMap":{},"s":{"0":9,"1":9,"2":9},"f":{},"b":{},"_coverageSchema":"1a1c01bbd47fc00a2c39e90264f33305004495a9","hash":"45b03ba259b8654d4f0127476c0ce3a2f1ded24c"}
,"/Users/danieltomlinson/workspace/neoland-bootcamp-202207/staff/daniel-tomlinson/final-project/api/models/schemas/index.js": {"path":"/Users/danieltomlinson/workspace/neoland-bootcamp-202207/staff/daniel-tomlinson/final-project/api/models/schemas/index.js","statementMap":{"0":{"start":{"line":1,"column":0},"end":{"line":6,"column":2}}},"fnMap":{},"branchMap":{},"s":{"0":9},"f":{},"b":{},"_coverageSchema":"1a1c01bbd47fc00a2c39e90264f33305004495a9","hash":"2bcfb27708cb4e161753a8806314c9f16f17f17e"}
,"/Users/danieltomlinson/workspace/neoland-bootcamp-202207/staff/daniel-tomlinson/final-project/api/models/schemas/note.js": {"path":"/Users/danieltomlinson/workspace/neoland-bootcamp-202207/staff/daniel-tomlinson/final-project/api/models/schemas/note.js","statementMap":{"0":{"start":{"line":4,"column":4},"end":{"line":4,"column":23}},"1":{"start":{"line":6,"column":13},"end":{"line":32,"column":2}},"2":{"start":{"line":34,"column":0},"end":{"line":34,"column":22}}},"fnMap":{},"branchMap":{},"s":{"0":9,"1":9,"2":9},"f":{},"b":{},"_coverageSchema":"1a1c01bbd47fc00a2c39e90264f33305004495a9","hash":"56280be0b7d8cda6da04210a99e1bc68dd1bbac1"}
,"/Users/danieltomlinson/workspace/neoland-bootcamp-202207/staff/daniel-tomlinson/final-project/api/models/schemas/question.js": {"path":"/Users/danieltomlinson/workspace/neoland-bootcamp-202207/staff/daniel-tomlinson/final-project/api/models/schemas/question.js","statementMap":{"0":{"start":{"line":4,"column":4},"end":{"line":4,"column":23}},"1":{"start":{"line":6,"column":17},"end":{"line":70,"column":2}},"2":{"start":{"line":72,"column":0},"end":{"line":72,"column":26}}},"fnMap":{},"branchMap":{},"s":{"0":9,"1":9,"2":9},"f":{},"b":{},"_coverageSchema":"1a1c01bbd47fc00a2c39e90264f33305004495a9","hash":"cbe59c05e33a8559b07a27a26631bec7b0c581a6"}
,"/Users/danieltomlinson/workspace/neoland-bootcamp-202207/staff/daniel-tomlinson/final-project/api/models/schemas/user.js": {"path":"/Users/danieltomlinson/workspace/neoland-bootcamp-202207/staff/daniel-tomlinson/final-project/api/models/schemas/user.js","statementMap":{"0":{"start":{"line":1,"column":19},"end":{"line":1,"column":38}},"1":{"start":{"line":3,"column":13},"end":{"line":24,"column":2}},"2":{"start":{"line":26,"column":0},"end":{"line":26,"column":22}}},"fnMap":{},"branchMap":{},"s":{"0":9,"1":9,"2":9},"f":{},"b":{},"_coverageSchema":"1a1c01bbd47fc00a2c39e90264f33305004495a9","hash":"470a869d396af5950588d338d7013645dce8373b"}
,"/Users/danieltomlinson/workspace/neoland-bootcamp-202207/staff/daniel-tomlinson/final-project/api/utils/createLogger.js": {"path":"/Users/danieltomlinson/workspace/neoland-bootcamp-202207/staff/daniel-tomlinson/final-project/api/utils/createLogger.js","statementMap":{"0":{"start":{"line":1,"column":45},"end":{"line":1,"column":63}},"1":{"start":{"line":3,"column":2},"end":{"line":3,"column":8}},"2":{"start":{"line":6,"column":16},"end":{"line":6,"column":49}},"3":{"start":{"line":8,"column":2},"end":{"line":8,"column":53}},"4":{"start":{"line":11,"column":0},"end":{"line":29,"column":2}},"5":{"start":{"line":12,"column":2},"end":{"line":28,"column":5}},"6":{"start":{"line":19,"column":10},"end":{"line":21,"column":12}}},"fnMap":{"0":{"name":"createLabelForModule","decl":{"start":{"line":5,"column":9},"end":{"line":5,"column":29}},"loc":{"start":{"line":5,"column":45},"end":{"line":9,"column":1}},"line":5},"1":{"name":"(anonymous_1)","decl":{"start":{"line":11,"column":17},"end":{"line":11,"column":18}},"loc":{"start":{"line":11,"column":42},"end":{"line":29,"column":1}},"line":11},"2":{"name":"(anonymous_2)","decl":{"start":{"line":18,"column":8},"end":{"line":18,"column":9}},"loc":{"start":{"line":19,"column":10},"end":{"line":21,"column":12}},"line":19}},"branchMap":{},"s":{"0":4,"1":4,"2":0,"3":0,"4":4,"5":0,"6":0},"f":{"0":0,"1":0,"2":0},"b":{},"_coverageSchema":"1a1c01bbd47fc00a2c39e90264f33305004495a9","hash":"c7e2e755445f685a94128f8197b56843c23e3661"}
,"/Users/danieltomlinson/workspace/neoland-bootcamp-202207/staff/daniel-tomlinson/final-project/api/utils/deleteFiles.js": {"path":"/Users/danieltomlinson/workspace/neoland-bootcamp-202207/staff/daniel-tomlinson/final-project/api/utils/deleteFiles.js","statementMap":{"0":{"start":{"line":1,"column":28},"end":{"line":1,"column":41}},"1":{"start":{"line":4,"column":2},"end":{"line":22,"column":5}},"2":{"start":{"line":5,"column":4},"end":{"line":5,"column":34}},"3":{"start":{"line":5,"column":15},"end":{"line":5,"column":34}},"4":{"start":{"line":7,"column":4},"end":{"line":7,"column":58}},"5":{"start":{"line":7,"column":35},"end":{"line":7,"column":56}},"6":{"start":{"line":9,"column":4},"end":{"line":9,"column":37}},"7":{"start":{"line":9,"column":23},"end":{"line":9,"column":37}},"8":{"start":{"line":11,"column":16},"end":{"line":11,"column":17}},"9":{"start":{"line":13,"column":4},"end":{"line":21,"column":7}},"10":{"start":{"line":14,"column":6},"end":{"line":20,"column":9}},"11":{"start":{"line":15,"column":8},"end":{"line":15,"column":38}},"12":{"start":{"line":15,"column":19},"end":{"line":15,"column":38}},"13":{"start":{"line":17,"column":8},"end":{"line":17,"column":16}},"14":{"start":{"line":19,"column":8},"end":{"line":19,"column":43}},"15":{"start":{"line":19,"column":36},"end":{"line":19,"column":43}},"16":{"start":{"line":25,"column":0},"end":{"line":25,"column":29}}},"fnMap":{"0":{"name":"deleteFiles","decl":{"start":{"line":3,"column":9},"end":{"line":3,"column":20}},"loc":{"start":{"line":3,"column":35},"end":{"line":23,"column":1}},"line":3},"1":{"name":"(anonymous_1)","decl":{"start":{"line":4,"column":18},"end":{"line":4,"column":19}},"loc":{"start":{"line":4,"column":36},"end":{"line":22,"column":3}},"line":4},"2":{"name":"(anonymous_2)","decl":{"start":{"line":7,"column":25},"end":{"line":7,"column":26}},"loc":{"start":{"line":7,"column":35},"end":{"line":7,"column":56}},"line":7},"3":{"name":"(anonymous_3)","decl":{"start":{"line":13,"column":18},"end":{"line":13,"column":19}},"loc":{"start":{"line":13,"column":28},"end":{"line":21,"column":5}},"line":13},"4":{"name":"(anonymous_4)","decl":{"start":{"line":14,"column":34},"end":{"line":14,"column":35}},"loc":{"start":{"line":14,"column":45},"end":{"line":20,"column":7}},"line":14}},"branchMap":{"0":{"loc":{"start":{"line":5,"column":4},"end":{"line":5,"column":34}},"type":"if","locations":[{"start":{"line":5,"column":4},"end":{"line":5,"column":34}},{"start":{},"end":{}}],"line":5},"1":{"loc":{"start":{"line":9,"column":4},"end":{"line":9,"column":37}},"type":"if","locations":[{"start":{"line":9,"column":4},"end":{"line":9,"column":37}},{"start":{},"end":{}}],"line":9},"2":{"loc":{"start":{"line":15,"column":8},"end":{"line":15,"column":38}},"type":"if","locations":[{"start":{"line":15,"column":8},"end":{"line":15,"column":38}},{"start":{},"end":{}}],"line":15},"3":{"loc":{"start":{"line":19,"column":8},"end":{"line":19,"column":43}},"type":"if","locations":[{"start":{"line":19,"column":8},"end":{"line":19,"column":43}},{"start":{},"end":{}}],"line":19}},"s":{"0":4,"1":0,"2":0,"3":0,"4":0,"5":0,"6":0,"7":0,"8":0,"9":0,"10":0,"11":0,"12":0,"13":0,"14":0,"15":0,"16":4},"f":{"0":0,"1":0,"2":0,"3":0,"4":0},"b":{"0":[0,0],"1":[0,0],"2":[0,0],"3":[0,0]},"_coverageSchema":"1a1c01bbd47fc00a2c39e90264f33305004495a9","hash":"99d3a95c5233b3a2687a8ad6d7a05565ac684f1f"}
,"/Users/danieltomlinson/workspace/neoland-bootcamp-202207/staff/daniel-tomlinson/final-project/api/utils/index.js": {"path":"/Users/danieltomlinson/workspace/neoland-bootcamp-202207/staff/daniel-tomlinson/final-project/api/utils/index.js","statementMap":{"0":{"start":{"line":1,"column":0},"end":{"line":8,"column":2}}},"fnMap":{},"branchMap":{},"s":{"0":4},"f":{},"b":{},"_coverageSchema":"1a1c01bbd47fc00a2c39e90264f33305004495a9","hash":"23b08f1b82eac26cc81c72b24146aa9087e2cd4e"}
,"/Users/danieltomlinson/workspace/neoland-bootcamp-202207/staff/daniel-tomlinson/final-project/api/utils/runWithErrorHandling.js": {"path":"/Users/danieltomlinson/workspace/neoland-bootcamp-202207/staff/daniel-tomlinson/final-project/api/utils/runWithErrorHandling.js","statementMap":{"0":{"start":{"line":5,"column":4},"end":{"line":5,"column":27}},"1":{"start":{"line":11,"column":4},"end":{"line":11,"column":21}},"2":{"start":{"line":14,"column":2},"end":{"line":36,"column":3}},"3":{"start":{"line":15,"column":4},"end":{"line":23,"column":7}},"4":{"start":{"line":16,"column":6},"end":{"line":20,"column":59}},"5":{"start":{"line":17,"column":8},"end":{"line":17,"column":55}},"6":{"start":{"line":18,"column":11},"end":{"line":20,"column":59}},"7":{"start":{"line":19,"column":8},"end":{"line":19,"column":61}},"8":{"start":{"line":20,"column":11},"end":{"line":20,"column":59}},"9":{"start":{"line":22,"column":6},"end":{"line":22,"column":26}},"10":{"start":{"line":25,"column":4},"end":{"line":33,"column":57}},"11":{"start":{"line":26,"column":6},"end":{"line":26,"column":53}},"12":{"start":{"line":27,"column":9},"end":{"line":33,"column":57}},"13":{"start":{"line":32,"column":6},"end":{"line":32,"column":57}},"14":{"start":{"line":33,"column":9},"end":{"line":33,"column":57}},"15":{"start":{"line":35,"column":4},"end":{"line":35,"column":24}},"16":{"start":{"line":39,"column":0},"end":{"line":39,"column":38}}},"fnMap":{"0":{"name":"runWithErrorHandling","decl":{"start":{"line":13,"column":9},"end":{"line":13,"column":29}},"loc":{"start":{"line":13,"column":53},"end":{"line":37,"column":1}},"line":13},"1":{"name":"(anonymous_1)","decl":{"start":{"line":15,"column":21},"end":{"line":15,"column":22}},"loc":{"start":{"line":15,"column":32},"end":{"line":23,"column":5}},"line":15}},"branchMap":{"0":{"loc":{"start":{"line":16,"column":6},"end":{"line":20,"column":59}},"type":"if","locations":[{"start":{"line":16,"column":6},"end":{"line":20,"column":59}},{"start":{"line":18,"column":11},"end":{"line":20,"column":59}}],"line":16},"1":{"loc":{"start":{"line":18,"column":11},"end":{"line":20,"column":59}},"type":"if","locations":[{"start":{"line":18,"column":11},"end":{"line":20,"column":59}},{"start":{"line":20,"column":11},"end":{"line":20,"column":59}}],"line":18},"2":{"loc":{"start":{"line":18,"column":15},"end":{"line":18,"column":75}},"type":"binary-expr","locations":[{"start":{"line":18,"column":15},"end":{"line":18,"column":45}},{"start":{"line":18,"column":49},"end":{"line":18,"column":75}}],"line":18},"3":{"loc":{"start":{"line":25,"column":4},"end":{"line":33,"column":57}},"type":"if","locations":[{"start":{"line":25,"column":4},"end":{"line":33,"column":57}},{"start":{"line":27,"column":9},"end":{"line":33,"column":57}}],"line":25},"4":{"loc":{"start":{"line":25,"column":8},"end":{"line":25,"column":66}},"type":"binary-expr","locations":[{"start":{"line":25,"column":8},"end":{"line":25,"column":34}},{"start":{"line":25,"column":38},"end":{"line":25,"column":66}}],"line":25},"5":{"loc":{"start":{"line":27,"column":9},"end":{"line":33,"column":57}},"type":"if","locations":[{"start":{"line":27,"column":9},"end":{"line":33,"column":57}},{"start":{"line":33,"column":9},"end":{"line":33,"column":57}}],"line":27},"6":{"loc":{"start":{"line":28,"column":6},"end":{"line":30,"column":37}},"type":"binary-expr","locations":[{"start":{"line":28,"column":6},"end":{"line":28,"column":40}},{"start":{"line":29,"column":6},"end":{"line":29,"column":40}},{"start":{"line":30,"column":6},"end":{"line":30,"column":37}}],"line":28}},"s":{"0":4,"1":4,"2":0,"3":0,"4":0,"5":0,"6":0,"7":0,"8":0,"9":0,"10":0,"11":0,"12":0,"13":0,"14":0,"15":0,"16":4},"f":{"0":0,"1":0},"b":{"0":[0,0],"1":[0,0],"2":[0,0],"3":[0,0],"4":[0,0],"5":[0,0],"6":[0,0,0]},"_coverageSchema":"1a1c01bbd47fc00a2c39e90264f33305004495a9","hash":"90966670410b49f149b4265a5123c61d05c2c5af"}
,"/Users/danieltomlinson/workspace/neoland-bootcamp-202207/staff/daniel-tomlinson/final-project/api/utils/verifyObjectId.js": {"path":"/Users/danieltomlinson/workspace/neoland-bootcamp-202207/staff/daniel-tomlinson/final-project/api/utils/verifyObjectId.js","statementMap":{"0":{"start":{"line":3,"column":4},"end":{"line":3,"column":23}},"1":{"start":{"line":6,"column":2},"end":{"line":7,"column":53}},"2":{"start":{"line":7,"column":4},"end":{"line":7,"column":53}},"3":{"start":{"line":10,"column":0},"end":{"line":10,"column":32}}},"fnMap":{"0":{"name":"verifyObjectId","decl":{"start":{"line":5,"column":9},"end":{"line":5,"column":23}},"loc":{"start":{"line":5,"column":57},"end":{"line":8,"column":1}},"line":5}},"branchMap":{"0":{"loc":{"start":{"line":5,"column":34},"end":{"line":5,"column":55}},"type":"default-arg","locations":[{"start":{"line":5,"column":44},"end":{"line":5,"column":55}}],"line":5},"1":{"loc":{"start":{"line":6,"column":2},"end":{"line":7,"column":53}},"type":"if","locations":[{"start":{"line":6,"column":2},"end":{"line":7,"column":53}},{"start":{},"end":{}}],"line":6}},"s":{"0":4,"1":6,"2":0,"3":4},"f":{"0":6},"b":{"0":[0],"1":[0,6]},"_coverageSchema":"1a1c01bbd47fc00a2c39e90264f33305004495a9","hash":"0db3b2f169c5eacc619682fdfd2397adfdc0bbce"}
,"/Users/danieltomlinson/workspace/neoland-bootcamp-202207/staff/daniel-tomlinson/final-project/api/utils/verifyObjectIdString.js": {"path":"/Users/danieltomlinson/workspace/neoland-bootcamp-202207/staff/daniel-tomlinson/final-project/api/utils/verifyObjectIdString.js","statementMap":{"0":{"start":{"line":3,"column":4},"end":{"line":3,"column":23}},"1":{"start":{"line":4,"column":27},"end":{"line":4,"column":48}},"2":{"start":{"line":7,"column":2},"end":{"line":7,"column":42}},"3":{"start":{"line":8,"column":2},"end":{"line":9,"column":53}},"4":{"start":{"line":9,"column":4},"end":{"line":9,"column":53}},"5":{"start":{"line":12,"column":0},"end":{"line":12,"column":38}}},"fnMap":{"0":{"name":"verifyObjectIdString","decl":{"start":{"line":6,"column":9},"end":{"line":6,"column":29}},"loc":{"start":{"line":6,"column":62},"end":{"line":10,"column":1}},"line":6}},"branchMap":{"0":{"loc":{"start":{"line":6,"column":46},"end":{"line":6,"column":60}},"type":"default-arg","locations":[{"start":{"line":6,"column":56},"end":{"line":6,"column":60}}],"line":6},"1":{"loc":{"start":{"line":8,"column":2},"end":{"line":9,"column":53}},"type":"if","locations":[{"start":{"line":8,"column":2},"end":{"line":9,"column":53}},{"start":{},"end":{}}],"line":8}},"s":{"0":4,"1":4,"2":2,"3":2,"4":0,"5":4},"f":{"0":2},"b":{"0":[2],"1":[0,2]},"_coverageSchema":"1a1c01bbd47fc00a2c39e90264f33305004495a9","hash":"a21f1f397745e170d82a70833dd1fc87b0fdb1f5"}
,"/Users/danieltomlinson/workspace/neoland-bootcamp-202207/staff/daniel-tomlinson/final-project/api/utils/verifyToken.js": {"path":"/Users/danieltomlinson/workspace/neoland-bootcamp-202207/staff/daniel-tomlinson/final-project/api/utils/verifyToken.js","statementMap":{"0":{"start":{"line":1,"column":25},"end":{"line":1,"column":46}},"1":{"start":{"line":2,"column":19},"end":{"line":2,"column":42}},"2":{"start":{"line":7,"column":6},"end":{"line":7,"column":9}},"3":{"start":{"line":9,"column":2},"end":{"line":9,"column":47}},"4":{"start":{"line":11,"column":16},"end":{"line":11,"column":42}},"5":{"start":{"line":13,"column":18},"end":{"line":13,"column":66}},"6":{"start":{"line":15,"column":26},"end":{"line":15,"column":33}},"7":{"start":{"line":17,"column":2},"end":{"line":17,"column":16}},"8":{"start":{"line":20,"column":0},"end":{"line":20,"column":29}}},"fnMap":{"0":{"name":"verifyToken","decl":{"start":{"line":4,"column":9},"end":{"line":4,"column":20}},"loc":{"start":{"line":4,"column":26},"end":{"line":18,"column":1}},"line":4}},"branchMap":{},"s":{"0":4,"1":4,"2":0,"3":0,"4":0,"5":0,"6":0,"7":0,"8":4},"f":{"0":0},"b":{},"_coverageSchema":"1a1c01bbd47fc00a2c39e90264f33305004495a9","hash":"ebbdc7da5ef99f8b8738084edd47f662f8a5fe05"}
}
