TN:
SF:logic/gameCodes/createGameCode/index.js
FN:21,createGameCode
FN:29,(anonymous_1)
FN:32,(anonymous_2)
FN:36,(anonymous_3)
FN:41,(anonymous_4)
FNF:5
FNH:3
FNDA:2,createGameCode
FNDA:0,(anonymous_1)
FNDA:2,(anonymous_2)
FNDA:0,(anonymous_3)
FNDA:1,(anonymous_4)
DA:1,1
DA:2,1
DA:3,1
DA:4,1
DA:22,2
DA:23,2
DA:24,2
DA:25,2
DA:27,2
DA:30,0
DA:33,2
DA:35,1
DA:37,0
DA:44,1
LF:14
LH:12
BRDA:33,0,0,1
BRDA:33,0,1,1
BRF:2
BRH:2
end_of_record
TN:
SF:logic/gameCodes/retrieveGameCode/index.js
FN:5,retrieveGameCode
FN:20,(anonymous_1)
FN:23,(anonymous_2)
FN:24,(anonymous_3)
FNF:4
FNH:3
FNDA:1,retrieveGameCode
FNDA:1,(anonymous_1)
FNDA:0,(anonymous_2)
FNDA:1,(anonymous_3)
DA:1,1
DA:2,1
DA:3,1
DA:19,1
DA:21,1
DA:23,0
DA:25,1
DA:38,1
LF:8
LH:7
BRF:0
BRH:0
end_of_record
TN:
SF:logic/questions/createQuestion/index.js
FN:21,createQuestion
FN:40,(anonymous_1)
FN:43,(anonymous_2)
FN:56,(anonymous_3)
FN:60,(anonymous_4)
FNF:5
FNH:3
FNDA:2,createQuestion
FNDA:0,(anonymous_1)
FNDA:2,(anonymous_2)
FNDA:0,(anonymous_3)
FNDA:1,(anonymous_4)
DA:1,1
DA:2,1
DA:3,1
DA:4,1
DA:35,2
DA:36,2
DA:38,2
DA:41,0
DA:44,2
DA:45,1
DA:57,0
DA:63,1
LF:12
LH:10
BRDA:44,0,0,1
BRDA:44,0,1,1
BRF:2
BRH:2
end_of_record
TN:
SF:logic/questions/retrieveQuestions/index.js
FN:5,retrieveQuestions
FN:10,(anonymous_1)
FN:13,(anonymous_2)
FN:18,(anonymous_3)
FN:24,(anonymous_4)
FN:25,(anonymous_5)
FNF:6
FNH:4
FNDA:1,retrieveQuestions
FNDA:0,(anonymous_1)
FNDA:1,(anonymous_2)
FNDA:0,(anonymous_3)
FNDA:1,(anonymous_4)
FNDA:3,(anonymous_5)
DA:1,1
DA:2,1
DA:3,1
DA:8,1
DA:11,0
DA:14,1
DA:16,1
DA:19,0
DA:25,1
DA:28,3
DA:30,3
DA:32,3
DA:35,1
DA:39,1
LF:14
LH:12
BRDA:14,0,0,0
BRDA:14,0,1,1
BRF:2
BRH:1
end_of_record
TN:
SF:logic/questions/updateQuestionText/index.js
FN:6,updateQuestionText
FN:12,(anonymous_1)
FN:17,(anonymous_2)
FN:31,(anonymous_3)
FNF:4
FNH:1
FNDA:1,updateQuestionText
FNDA:0,(anonymous_1)
FNDA:0,(anonymous_2)
FNDA:0,(anonymous_3)
DA:1,1
DA:2,1
DA:3,1
DA:4,1
DA:7,1
DA:8,1
DA:9,1
DA:11,1
DA:13,0
DA:15,0
DA:18,0
DA:19,0
DA:21,0
DA:22,0
DA:26,0
DA:27,0
DA:29,0
DA:34,1
LF:18
LH:9
BRDA:13,0,0,0
BRDA:13,0,1,0
BRDA:18,1,0,0
BRDA:18,1,1,0
BRDA:21,2,0,0
BRDA:21,2,1,0
BRF:6
BRH:0
end_of_record
TN:
SF:logic/users/authenticateUser/index.js
FN:5,authenticateUser
FN:10,(anonymous_1)
FN:13,(anonymous_2)
FNF:3
FNH:2
FNDA:3,authenticateUser
FNDA:0,(anonymous_1)
FNDA:3,(anonymous_2)
DA:1,1
DA:2,1
DA:3,1
DA:6,3
DA:7,3
DA:9,3
DA:11,0
DA:14,3
DA:16,2
DA:18,1
DA:22,1
LF:11
LH:10
BRDA:14,0,0,1
BRDA:14,0,1,2
BRDA:16,1,0,1
BRDA:16,1,1,1
BRF:4
BRH:4
end_of_record
TN:
SF:logic/users/registerUser/index.js
FN:5,registerUser
FN:11,(anonymous_1)
FN:12,(anonymous_2)
FNF:3
FNH:3
FNDA:2,registerUser
FNDA:1,(anonymous_1)
FNDA:1,(anonymous_2)
DA:1,1
DA:2,1
DA:3,1
DA:6,2
DA:7,2
DA:8,2
DA:10,2
DA:13,1
DA:15,0
DA:19,1
LF:10
LH:9
BRDA:13,0,0,1
BRDA:13,0,1,0
BRF:2
BRH:1
end_of_record
TN:
SF:logic/users/retrieveUser/index.js
FN:5,retrieveUser
FN:66,(anonymous_1)
FN:69,(anonymous_2)
FNF:3
FNH:2
FNDA:2,retrieveUser
FNDA:0,(anonymous_1)
FNDA:2,(anonymous_2)
DA:1,1
DA:2,1
DA:3,1
DA:6,2
DA:64,2
DA:67,0
DA:70,2
DA:74,1
DA:76,1
DA:80,1
LF:10
LH:9
BRDA:70,0,0,1
BRDA:70,0,1,1
BRF:2
BRH:2
end_of_record
TN:
SF:logic/users/updateFavorites/index.js
FN:8,updateFavorites
FN:19,(anonymous_1)
FN:32,(anonymous_2)
FNF:3
FNH:2
FNDA:1,updateFavorites
FNDA:1,(anonymous_1)
FNDA:0,(anonymous_2)
DA:1,1
DA:4,1
DA:5,1
DA:6,1
DA:9,1
DA:10,1
DA:19,1
DA:20,1
DA:27,0
DA:28,0
DA:30,0
DA:31,0
DA:32,0
DA:34,0
DA:37,0
DA:39,0
DA:43,1
LF:17
LH:9
BRDA:10,0,0,0
BRDA:10,0,1,1
BRDA:27,1,0,0
BRDA:27,1,1,0
BRDA:30,2,0,0
BRDA:30,2,1,0
BRF:6
BRH:1
end_of_record
TN:
SF:models/index.js
FNF:0
FNH:0
DA:1,9
DA:2,9
DA:4,9
LF:3
LH:3
BRF:0
BRH:0
end_of_record
TN:
SF:models/schemas/gameCode.js
FNF:0
FNH:0
DA:4,9
DA:6,9
DA:35,9
LF:3
LH:3
BRF:0
BRH:0
end_of_record
TN:
SF:models/schemas/index.js
FNF:0
FNH:0
DA:1,9
LF:1
LH:1
BRF:0
BRH:0
end_of_record
TN:
SF:models/schemas/note.js
FNF:0
FNH:0
DA:4,9
DA:6,9
DA:34,9
LF:3
LH:3
BRF:0
BRH:0
end_of_record
TN:
SF:models/schemas/question.js
FNF:0
FNH:0
DA:4,9
DA:6,9
DA:72,9
LF:3
LH:3
BRF:0
BRH:0
end_of_record
TN:
SF:models/schemas/user.js
FNF:0
FNH:0
DA:1,9
DA:3,9
DA:26,9
LF:3
LH:3
BRF:0
BRH:0
end_of_record
TN:
SF:utils/createLogger.js
FN:5,createLabelForModule
FN:11,(anonymous_1)
FN:18,(anonymous_2)
FNF:3
FNH:0
FNDA:0,createLabelForModule
FNDA:0,(anonymous_1)
FNDA:0,(anonymous_2)
DA:1,4
DA:3,4
DA:6,0
DA:8,0
DA:11,4
DA:12,0
DA:19,0
LF:7
LH:3
BRF:0
BRH:0
end_of_record
TN:
SF:utils/deleteFiles.js
FN:3,deleteFiles
FN:4,(anonymous_1)
FN:7,(anonymous_2)
FN:13,(anonymous_3)
FN:14,(anonymous_4)
FNF:5
FNH:0
FNDA:0,deleteFiles
FNDA:0,(anonymous_1)
FNDA:0,(anonymous_2)
FNDA:0,(anonymous_3)
FNDA:0,(anonymous_4)
DA:1,4
DA:4,0
DA:5,0
DA:7,0
DA:9,0
DA:11,0
DA:13,0
DA:14,0
DA:15,0
DA:17,0
DA:19,0
DA:25,4
LF:12
LH:2
BRDA:5,0,0,0
BRDA:5,0,1,0
BRDA:9,1,0,0
BRDA:9,1,1,0
BRDA:15,2,0,0
BRDA:15,2,1,0
BRDA:19,3,0,0
BRDA:19,3,1,0
BRF:8
BRH:0
end_of_record
TN:
SF:utils/index.js
FNF:0
FNH:0
DA:1,4
LF:1
LH:1
BRF:0
BRH:0
end_of_record
TN:
SF:utils/runWithErrorHandling.js
FN:13,runWithErrorHandling
FN:15,(anonymous_1)
FNF:2
FNH:0
FNDA:0,runWithErrorHandling
FNDA:0,(anonymous_1)
DA:5,4
DA:11,4
DA:14,0
DA:15,0
DA:16,0
DA:17,0
DA:18,0
DA:19,0
DA:20,0
DA:22,0
DA:25,0
DA:26,0
DA:27,0
DA:32,0
DA:33,0
DA:35,0
DA:39,4
LF:17
LH:3
BRDA:16,0,0,0
BRDA:16,0,1,0
BRDA:18,1,0,0
BRDA:18,1,1,0
BRDA:18,2,0,0
BRDA:18,2,1,0
BRDA:25,3,0,0
BRDA:25,3,1,0
BRDA:25,4,0,0
BRDA:25,4,1,0
BRDA:27,5,0,0
BRDA:27,5,1,0
BRDA:28,6,0,0
BRDA:28,6,1,0
BRDA:28,6,2,0
BRF:15
BRH:0
end_of_record
TN:
SF:utils/verifyObjectId.js
FN:5,verifyObjectId
FNF:1
FNH:1
FNDA:6,verifyObjectId
DA:3,4
DA:6,6
DA:7,0
DA:10,4
LF:4
LH:3
BRDA:5,0,0,0
BRDA:6,1,0,0
BRDA:6,1,1,6
BRF:3
BRH:1
end_of_record
TN:
SF:utils/verifyObjectIdString.js
FN:6,verifyObjectIdString
FNF:1
FNH:1
FNDA:2,verifyObjectIdString
DA:3,4
DA:4,4
DA:7,2
DA:8,2
DA:9,0
DA:12,4
LF:6
LH:5
BRDA:6,0,0,2
BRDA:8,1,0,0
BRDA:8,1,1,2
BRF:3
BRH:2
end_of_record
TN:
SF:utils/verifyToken.js
FN:4,verifyToken
FNF:1
FNH:0
FNDA:0,verifyToken
DA:1,4
DA:2,4
DA:7,0
DA:9,0
DA:11,0
DA:13,0
DA:15,0
DA:17,0
DA:20,4
LF:9
LH:3
BRF:0
BRH:0
end_of_record
